============================= test session starts ==============================
platform linux -- Python 3.14.4, pytest-9.0.3, pluggy-1.6.0
rootdir: /home/zibo/Documents/projects/pqs
configfile: pyproject.toml
plugins: mock-3.15.1
collected 3370 items

tests/integration/test_backtest_paper_consistency.py .....x.             [  0%]
tests/integration/test_daily_to_timing_e2e.py ......                     [  0%]
tests/integration/test_intraday_reversal_e2e.py ......                   [  0%]
tests/integration/test_multi_tf_time_consistency.py ......               [  0%]
tests/integration/test_multitf_execution_contract.py ....                [  0%]
tests/integration/test_oos_mvp_smoke.py .....                            [  1%]
tests/integration/test_single_source_of_truth.py .......                 [  1%]
tests/integration/test_stage3_acceptance.py ................             [  1%]
tests/unit/alignment/test_alignment_check.py ............                [  2%]
tests/unit/backtest/test_acceptance_qqq.py ......                        [  2%]
tests/unit/backtest/test_backtest_engine.py .........................    [  2%]
tests/unit/backtest/test_concentration_metrics.py ..........             [  3%]
tests/unit/backtest/test_deferred_execution.py .......                   [  3%]
tests/unit/backtest/test_execution_freq_kwarg.py ......                  [  3%]
tests/unit/backtest/test_generate_orders_nan_guard.py ....               [  3%]
tests/unit/backtest/test_ghost_position_cleanup.py .....                 [  3%]
tests/unit/backtest/test_hash_determinism.py .                           [  3%]
tests/unit/backtest/test_intraday_engine.py ............................ [  4%]
...........                                                              [  5%]
tests/unit/backtest/test_intraday_ghost_cleanup.py .....                 [  5%]
tests/unit/backtest/test_intraday_multi_asset.py ..........              [  5%]
tests/unit/backtest/test_intraday_reversal_bridge.py ............        [  5%]
tests/unit/backtest/test_intraday_reversal_runner.py ............        [  6%]
tests/unit/backtest/test_m14_nan_equity.py .....                         [  6%]
tests/unit/backtest/test_signal_driven_runner.py ....................... [  7%]
.......                                                                  [  7%]
tests/unit/backtest/test_window_analyzer.py ............................ [  8%]
......                                                                   [  8%]
tests/unit/chart_structure/test_phase2a_helpers.py ...                   [  8%]
tests/unit/chart_structure/test_phase2a_report.py .                      [  8%]
tests/unit/config/test_acceptance_thresholds.py .......                  [  8%]
tests/unit/config/test_artifact_manager.py ..........                    [  8%]
tests/unit/config/test_config_loader.py ..............................   [  9%]
tests/unit/config/test_production_strategy.py .....................      [ 10%]
tests/unit/data/test_bar_store.py ....................................   [ 11%]
tests/unit/data/test_calendar.py ......................                  [ 12%]
tests/unit/data/test_daily_aggregator.py ....................            [ 12%]
tests/unit/data/test_daily_aggregator_smoke.py .....                     [ 12%]
tests/unit/data/test_data_completeness_gate.py .................         [ 13%]
tests/unit/data/test_edgar_provider.py .................                 [ 13%]
tests/unit/data/test_market_data_store.py ........................       [ 14%]
tests/unit/data/test_pyarrow_decouple.py ...                             [ 14%]
tests/unit/data/test_session_close_gate.py ....................          [ 15%]
tests/unit/data/test_splits_reference_integrity.py ...............       [ 15%]
tests/unit/data/test_validator.py ....................                   [ 16%]
tests/unit/data/test_vix_loader.py ........                              [ 16%]
tests/unit/data/test_yfinance_provider.py ................               [ 17%]
tests/unit/diagnostics/test_detectors.py ...................             [ 17%]
tests/unit/execution/test_broker_adapter.py ............                 [ 17%]
tests/unit/execution/test_cost_accounting.py ......                      [ 18%]
tests/unit/execution/test_cost_model.py ..........                       [ 18%]
tests/unit/execution/test_execution_simulator.py ..............          [ 18%]
tests/unit/factors/test_alt_a_intraday_inputs.py ........                [ 19%]
tests/unit/factors/test_base_masks.py ...............                    [ 19%]
tests/unit/factors/test_base_relative.py ..................              [ 20%]
tests/unit/factors/test_base_returns.py ........                         [ 20%]
tests/unit/factors/test_base_volatility.py .........                     [ 20%]
tests/unit/factors/test_bucket_a_batch1_volume_microstructure.py ....... [ 20%]
......                                                                   [ 20%]
tests/unit/factors/test_bucket_a_batch2_consolidation.py ...........     [ 21%]
tests/unit/factors/test_bucket_a_batch3_anchor_moments_calendar.py ..... [ 21%]
.........                                                                [ 21%]
tests/unit/factors/test_bucket_c_sector.py ...........                   [ 22%]
tests/unit/factors/test_event_window_factors.py ........                 [ 22%]
tests/unit/factors/test_factor_cluster_registry.py ..............        [ 22%]
tests/unit/factors/test_factor_engine.py ............................... [ 23%]
                                                                         [ 23%]
tests/unit/factors/test_factor_evaluator.py .........................    [ 24%]
tests/unit/factors/test_factor_generator.py ...........................  [ 25%]
tests/unit/factors/test_factor_registry.py ..........                    [ 25%]
tests/unit/factors/test_factor_registry_strict_mode.py ...........       [ 25%]
tests/unit/factors/test_family_a.py ..........                           [ 26%]
tests/unit/factors/test_family_b.py ...........                          [ 26%]
tests/unit/factors/test_family_cd.py ..............                      [ 26%]
tests/unit/factors/test_forward_returns_modes.py ...........             [ 27%]
tests/unit/factors/test_fundamental_factors_batch1.py .........          [ 27%]
tests/unit/factors/test_fundamental_factors_batch2.py ..........         [ 27%]
tests/unit/factors/test_intraday_factor_bundle.py ......                 [ 27%]
tests/unit/factors/test_intraday_factor_family.py ..........             [ 28%]
tests/unit/factors/test_llm_candidate_funnel.py ......................   [ 28%]
tests/unit/factors/test_macro_factors.py ........                        [ 29%]
tests/unit/factors/test_model_comparison_smoke.py ....                   [ 29%]
tests/unit/factors/test_multi_benchmark.py ..........                    [ 29%]
tests/unit/factors/test_research_mask_config.py ..........               [ 29%]
tests/unit/factors/test_shadowed_factor_merge.py ..............          [ 30%]
tests/unit/factors/test_signal_confirmation_factors.py ........          [ 30%]
tests/unit/factors/test_sr_swing_factor_family.py ........               [ 30%]
tests/unit/factors/test_swing_structure.py ........                      [ 30%]
tests/unit/features/test_indicators.py ...............................   [ 31%]
tests/unit/fleet/test_capital_split.py .........                         [ 32%]
tests/unit/fleet/test_compose_weight_matrix.py ......................... [ 32%]
..                                                                       [ 32%]
tests/unit/fleet/test_correlation_budget.py .....................        [ 33%]
tests/unit/fleet/test_fleet_schema.py ...........................        [ 34%]
tests/unit/fleet/test_overlap_and_metrics.py ...................         [ 34%]
tests/unit/intraday/test_attribution.py ..........                       [ 35%]
tests/unit/intraday/test_multi_timescale.py ......................       [ 35%]
tests/unit/intraday/test_sr_swing.py ..............                      [ 36%]
tests/unit/intraday/test_sr_timing_modifier.py .................         [ 36%]
tests/unit/intraday/test_sr_volume_profile.py ................           [ 37%]
tests/unit/intraday/test_timing_decision.py ..............               [ 37%]
tests/unit/mining/test_acceptance_pack.py .........................      [ 38%]
tests/unit/mining/test_acceptance_thresholds_wire.py ..                  [ 38%]
tests/unit/mining/test_all_strategy_types.py ..............              [ 38%]
tests/unit/mining/test_archive_lineage.py ..........                     [ 39%]
tests/unit/mining/test_auto_dedup_masked_factors.py ......               [ 39%]
tests/unit/mining/test_family_first_sampling.py .............            [ 39%]
tests/unit/mining/test_nav_objective.py ..................               [ 40%]
tests/unit/mining/test_nav_residualized_evaluator.py ................    [ 40%]
tests/unit/mining/test_prd_ac_nav_objective.py .......................   [ 41%]
tests/unit/mining/test_prd_ac_phase3_search_space.py ...........         [ 41%]
tests/unit/mining/test_prd_b2_sr_defer_mining.py ......                  [ 41%]
tests/unit/mining/test_prd_c1_regime_conditional_v3.py .............     [ 42%]
tests/unit/mining/test_qqq_hard_gate.py ..........                       [ 42%]
tests/unit/mining/test_rcm_archive.py ..................                 [ 43%]
tests/unit/mining/test_research_miner.py ............................... [ 44%]
.............................                                            [ 44%]
tests/unit/ml/test_chart_cnn.py ......                                   [ 45%]
tests/unit/ml/test_chart_structure_injection.py ......                   [ 45%]
tests/unit/ml/test_corpus_manifest.py .........                          [ 45%]
tests/unit/ml/test_feature_panel_builder.py .........                    [ 45%]
tests/unit/ml/test_feature_prep.py ......                                [ 45%]
tests/unit/ml/test_fusion_model.py ...                                   [ 46%]
tests/unit/ml/test_labeling.py ....                                      [ 46%]
tests/unit/ml/test_phase2_attempts.py .......                            [ 46%]
tests/unit/ml/test_phase3_attempt.py ...........                         [ 46%]
tests/unit/ml/test_phase3_eval.py ...                                    [ 46%]
tests/unit/ml/test_r4_redo.py ....                                       [ 46%]
tests/unit/ml/test_ssl_pretrain.py ....                                  [ 47%]
tests/unit/ml/test_stacking.py ..                                        [ 47%]
tests/unit/ml/test_structure_sequence_encoder.py .......                 [ 47%]
tests/unit/ml/test_subsequence_transforms.py .....                       [ 47%]
tests/unit/ml/test_transformer_encoder.py ..s...                         [ 47%]
tests/unit/ml/test_window_embedding.py ..................                [ 48%]
tests/unit/ml/test_xgb_alpha.py ...........                              [ 48%]
tests/unit/ml/test_xgb_ranking.py .............                          [ 48%]
tests/unit/notify/test_backends.py ...............                       [ 49%]
tests/unit/notify/test_base.py .................                         [ 49%]
tests/unit/notify/test_factory.py ...............                        [ 50%]
tests/unit/options/test_black_scholes.py ..........                      [ 50%]
tests/unit/options/test_isolation_contract.py ...                        [ 50%]
tests/unit/options/test_paper_runner.py ..............                   [ 51%]
tests/unit/options/test_spreads.py ...................                   [ 51%]
tests/unit/options/test_vix_rv_gap_math.py .....                         [ 51%]
tests/unit/paper_trading/test_bar_by_bar_runtime.py ........             [ 52%]
tests/unit/paper_trading/test_broker_adapter_integration.py .......      [ 52%]
tests/unit/paper_trading/test_data_factory_decoupling.py ......          [ 52%]
tests/unit/paper_trading/test_fill_date_contract.py ..                   [ 52%]
tests/unit/paper_trading/test_intraday_fills_is_eod.py .....             [ 52%]
tests/unit/paper_trading/test_intraday_persistence.py .........          [ 52%]
tests/unit/paper_trading/test_paper_engine_parity_gap_open.py ..         [ 52%]
tests/unit/paper_trading/test_paper_trading_engine.py .................. [ 53%]
..........                                                               [ 53%]
tests/unit/paper_trading/test_pnl_tracker.py ........................... [ 54%]
..........                                                               [ 54%]
tests/unit/paper_trading/test_run_paper_candidate_immediate_rerun.py .   [ 54%]
tests/unit/paper_trading/test_run_paper_ks.py ........                   [ 55%]
tests/unit/paper_trading/test_stale_counts_checkpoint.py ......          [ 55%]
tests/unit/portfolio/test_constructor.py ....................            [ 55%]
tests/unit/regime/test_regime_detector.py .............................. [ 56%]
.........                                                                [ 57%]
tests/unit/reporting/test_intraday_report.py ......                      [ 57%]
tests/unit/reporting/test_master_report.py ............................. [ 58%]
...........................                                              [ 58%]
tests/unit/reporting/test_watch_exposure_section.py .........            [ 59%]
tests/unit/research/forward/test_attention_report.py ................... [ 59%]
............                                                             [ 60%]
tests/unit/research/pead/test_earnings_dates.py ...................      [ 60%]
tests/unit/research/pead/test_price_jump_signal.py ..................    [ 61%]
tests/unit/research/pead/test_sue_calculator.py ................         [ 61%]
tests/unit/research/taa/test_asset_class_builder.py ........             [ 61%]
tests/unit/research/taa/test_regime_label_generator.py ................. [ 62%]
.                                                                        [ 62%]
tests/unit/research/taa/test_regime_rules.py ..................          [ 62%]
tests/unit/research/taa/test_taa_acceptance.py ..........                [ 63%]
tests/unit/research/taa/test_taa_harness.py ........                     [ 63%]
tests/unit/research/test_acceptance_helpers.py ......................... [ 64%]
.........                                                                [ 64%]
tests/unit/research/test_anti_sibling_policy.py ........................ [ 65%]
..                                                                       [ 65%]
tests/unit/research/test_backfill_config_snapshot.py ........            [ 65%]
tests/unit/research/test_beta_metric_path_canonical.py ......            [ 65%]
tests/unit/research/test_candidate_registry.py ......................... [ 66%]
.                                                                        [ 66%]
tests/unit/research/test_cap_aware_risk_parity.py .............          [ 66%]
tests/unit/research/test_concentration.py .........................      [ 67%]
tests/unit/research/test_cpcv_overfit.py ....                            [ 67%]
tests/unit/research/test_cycle_2026_04_26_01_artifact_contract.py ...... [ 67%]
.                                                                        [ 67%]
tests/unit/research/test_diversifier_role_phase_c_prd_1.py ............. [ 68%]
...........................                                              [ 69%]
tests/unit/research/test_drift_metrics.py ...............                [ 69%]
tests/unit/research/test_evaluation_policy.py ...........                [ 69%]
tests/unit/research/test_forward_bar_hash.py ..............              [ 70%]
tests/unit/research/test_forward_config_snapshot_schema.py ............. [ 70%]
....                                                                     [ 70%]
tests/unit/research/test_forward_evidence_config.py .........            [ 71%]
tests/unit/research/test_forward_execution_policy.py ...........         [ 71%]
tests/unit/research/test_forward_factor_contract.py ...                  [ 71%]
tests/unit/research/test_forward_manifest_schema.py ..................   [ 72%]
tests/unit/research/test_forward_readiness.py ....                       [ 72%]
tests/unit/research/test_forward_recover.py .......                      [ 72%]
tests/unit/research/test_forward_revalidate.py ...................       [ 72%]
tests/unit/research/test_forward_runner.py ............................. [ 73%]
........................                                                 [ 74%]
tests/unit/research/test_forward_runner_v2_integration.py ........       [ 74%]
tests/unit/research/test_forward_source_layer.py .........               [ 75%]
tests/unit/research/test_freeze_cli.py .........                         [ 75%]
tests/unit/research/test_frozen_spec.py ............................     [ 76%]
tests/unit/research/test_g1_dsr_trial_accounting.py .......              [ 76%]
tests/unit/research/test_g2_mining_pbo.py ....                           [ 76%]
tests/unit/research/test_g3_min_backtest_length.py .....                 [ 76%]
tests/unit/research/test_g4_cpcv_acceptance.py ......                    [ 76%]
tests/unit/research/test_g5_decay_detector.py .........                  [ 77%]
tests/unit/research/test_harness_composite_evaluator.py ................ [ 77%]
........................                                                 [ 78%]
tests/unit/research/test_multi_universe_loader.py ......                 [ 78%]
tests/unit/research/test_paper_artifacts.py ..........                   [ 78%]
tests/unit/research/test_paper_enter.py ...........                      [ 79%]
tests/unit/research/test_partition_for_role.py ........                  [ 79%]
tests/unit/research/test_phase_state_snapshot.py .....                   [ 79%]
tests/unit/research/test_regime_classifier.py ............               [ 79%]
tests/unit/research/test_research_cycle_close_eval.py .................. [ 80%]
..                                                                       [ 80%]
tests/unit/research/test_research_miner_temporal_tuple.py .....          [ 80%]
tests/unit/research/test_research_promote_cli.py ............            [ 80%]
tests/unit/research/test_revoke_and_migration.py .................       [ 81%]
tests/unit/research/test_risk_cluster_map.py .........................   [ 82%]
tests/unit/research/test_robustness_runner.py ........                   [ 82%]
tests/unit/research/test_robustness_schema.py ..........                 [ 82%]
tests/unit/research/test_run_paper_candidate.py ...........              [ 82%]
tests/unit/research/test_sealed_ledger.py ..................             [ 83%]
tests/unit/research/test_sector_map.py ...............                   [ 83%]
tests/unit/research/test_source_boundaries.py ........                   [ 84%]
tests/unit/research/test_sr_signal_filter.py .................           [ 84%]
tests/unit/research/test_temporal_split.py ............................. [ 85%]
......................                                                   [ 86%]
tests/unit/research/test_temporal_split_acceptance.py .................. [ 86%]
...............................                                          [ 87%]
tests/unit/research/test_temporal_split_archive.py ................      [ 88%]
tests/unit/research/test_temporal_split_leak_detection.py ..........     [ 88%]
tests/unit/research/test_temporal_split_v1_v2_dispatch.py .............. [ 88%]
...........                                                              [ 89%]
tests/unit/research/test_track_a_c5_integration.py .....                 [ 89%]
tests/unit/research/test_universe_propagation.py ......                  [ 89%]
tests/unit/risk/test_failure_detector.py ............................... [ 90%]
.                                                                        [ 90%]
tests/unit/risk/test_kill_switch.py .......................              [ 91%]
tests/unit/risk/test_sr_stops.py ...................                     [ 91%]
tests/unit/risk/test_stress_tester.py .................................  [ 92%]
tests/unit/scripts/test_fetch_data_preclose_raise.py .....               [ 92%]
tests/unit/scripts/test_run_research_miner_cli.py .........              [ 93%]
tests/unit/signals/test_cross_ticker_rules.py .......................... [ 93%]
                                                                         [ 93%]
tests/unit/signals/test_cross_ticker_wrapper.py .........                [ 94%]
tests/unit/signals/test_dual_momentum.py ...................             [ 94%]
tests/unit/signals/test_intraday_reversal_strategy.py .............      [ 95%]
tests/unit/signals/test_left_side.py ..........                          [ 95%]
tests/unit/signals/test_multi_factor.py ....................             [ 95%]
tests/unit/signals/test_multi_factor_concentration_config.py .......     [ 96%]
tests/unit/signals/test_multi_factor_production_freshness.py ...         [ 96%]
tests/unit/signals/test_signal_state.py .........                        [ 96%]
tests/unit/signals/test_simple_baseline.py ............................. [ 97%]
.                                                                        [ 97%]
tests/unit/signals/test_trend_following.py ...................           [ 97%]
tests/unit/test_share_mode_config.py ......                              [ 98%]
tests/unit/universe/test_asset_scorer.py ..................              [ 98%]
tests/unit/universe/test_universe_flag_all_entrypoints.py ........       [ 98%]
tests/unit/universe/test_universe_isolation_p4r3.py .....                [ 99%]
tests/unit/universe/test_universe_manager.py ......................      [ 99%]
tests/unit/universe/test_universe_resolver.py ...s..                     [ 99%]
tests/unit/universe/test_universe_v2_rp4ext.py ...                       [100%]

=============================== warnings summary ===============================
tests/unit/data/test_validator.py::TestPriceSanity::test_negative_close_fails
  /home/zibo/miniconda3/envs/pqs/lib/python3.14/site-packages/pandas/core/arraylike.py:402: RuntimeWarning: invalid value encountered in log
    result = getattr(ufunc, method)(*inputs, **kwargs)

tests/unit/factors/test_factor_engine.py::TestComputeFactorStats::test_significant_factor_detected
tests/unit/factors/test_factor_engine.py::TestComputeFactorStats::test_str_representation
  /home/zibo/miniconda3/envs/pqs/lib/python3.14/site-packages/scipy/stats/_axis_nan_policy.py:592: RuntimeWarning: Precision loss occurred in moment calculation due to catastrophic cancellation. This occurs when the data are nearly identical. Results may be unreliable.
    res = hypotest_fun_out(*samples, **kwds)

tests/unit/mining/test_prd_ac_nav_objective.py: 4 warnings
tests/unit/mining/test_prd_b2_sr_defer_mining.py: 12 warnings
tests/unit/mining/test_prd_c1_regime_conditional_v3.py: 2 warnings
tests/unit/research/forward/test_attention_report.py: 1 warning
  /home/zibo/miniconda3/envs/pqs/lib/python3.14/site-packages/numpy/lib/_function_base_impl.py:3023: RuntimeWarning: invalid value encountered in divide
    c /= stddev[:, None]

tests/unit/mining/test_prd_ac_nav_objective.py: 4 warnings
tests/unit/mining/test_prd_b2_sr_defer_mining.py: 12 warnings
tests/unit/mining/test_prd_c1_regime_conditional_v3.py: 2 warnings
tests/unit/research/forward/test_attention_report.py: 1 warning
  /home/zibo/miniconda3/envs/pqs/lib/python3.14/site-packages/numpy/lib/_function_base_impl.py:3024: RuntimeWarning: invalid value encountered in divide
    c /= stddev[None, :]

tests/unit/options/test_paper_runner.py: 23 warnings
  /home/zibo/Documents/projects/pqs/core/options/paper/runner.py:426: DeprecationWarning: datetime.datetime.utcnow() is deprecated and scheduled for removal in a future version. Use timezone-aware objects to represent datetimes in UTC: datetime.datetime.now(datetime.UTC).
    state.last_observe_at_utc = datetime.utcnow().isoformat() + "Z"

tests/unit/research/test_forward_bar_hash.py: 10 warnings
  /home/zibo/Documents/projects/pqs/tests/unit/research/test_forward_bar_hash.py:317: Pandas4Warning: Sorting by default when concatenating all DatetimeIndex is deprecated.  In the future, pandas will respect the default of `sort=False`. Specify `sort=True` or `sort=False` to silence this message. If you see this warnings when not directly calling concat, report a bug to pandas.
    panels[attr] = pd.concat(cols, axis=1)

tests/unit/research/test_run_paper_candidate.py::test_load_panel_raises_clean_on_non_datetime_index
  /home/zibo/Documents/projects/pqs/scripts/run_paper_candidate.py:130: UserWarning: Could not infer format, so each element will be parsed individually, falling back to `dateutil`. To ensure parsing is consistent and as-expected, please specify a format.
    close.index = pd.to_datetime(close.index)

-- Docs: https://docs.pytest.org/en/stable/how-to/capture-warnings.html
===== 3367 passed, 2 skipped, 1 xfailed, 75 warnings in 1489.37s (0:24:49) =====
